<?xml version="1.0" encoding="UTF-8"?><testsuite errors="1" failures="0" name="UIAutomationTest.SignUp" skipped="0" tests="1" time="29.47" timestamp="2019-12-03 04:17:28"><testcase classname="UIAutomationTest.SignUp" name="Sign Up"><error message="-1" type="java.lang.ArrayIndexOutOfBoundsException">-1</error><system-err>-1
MainPage.CampaignPage.listAndWriteCampaign(CampaignPage.java:54)
MainPageActions.CampaignPageActions.list_Last_Campaign_From_Categories(CampaignPageActions.java:21)
UIAutomationTest.SignUp.signUp(SignUp.java:48)
</system-err></testcase></testsuite>